<?xml version="1.0" encoding="UTF-8"?>
<!-- Generated by org.testng.reporters.JUnitReportReporter -->
<testsuite hostname="DESKTOP-LJUP405" failures="0" tests="1" name="testCases.Test_L1_SchoolCreation" time="59.530" errors="0" timestamp="2025-04-09T13:57:27 IST" skipped="0">
  <testcase classname="testCases.Test_L1_SchoolCreation" name="schoolcreation" time="59.530"/>
</testsuite> <!-- testCases.Test_L1_SchoolCreation -->
