<?xml version="1.0" encoding="UTF-8"?>
<!-- Generated by org.testng.reporters.JUnitReportReporter -->
<testsuite hostname="DESKTOP-LJUP405" failures="0" tests="1" name="testRunner.AAEBLoginRunner" time="45.472" errors="0" timestamp="2025-01-27T17:28:43 IST" skipped="0">
  <testcase classname="testRunner.AAEBLoginRunner" name="runScenario" time="45.472"/>
</testsuite> <!-- testRunner.AAEBLoginRunner -->
