<?xml version="1.0" encoding="UTF-8"?>
<!-- Generated by org.testng.reporters.JUnitReportReporter -->
<testsuite hostname="DESKTOP-LJUP405" failures="0" tests="1" name="testCases.Test_L1_Login" time="50.671" errors="0" timestamp="2025-01-08T13:16:49 IST" skipped="0">
  <testcase classname="testCases.Test_L1_Login" name="test" time="50.671"/>
</testsuite> <!-- testCases.Test_L1_Login -->
