<?xml version="1.0" encoding="UTF-8"?>
<!-- Generated by org.testng.reporters.JUnitReportReporter -->
<testsuite hostname="DESKTOP-LJUP405" failures="0" tests="1" name="testCases.Test_L1_SchoolCreation" time="65.494" errors="0" timestamp="2025-01-09T12:47:20 IST" skipped="0">
  <testcase classname="testCases.Test_L1_SchoolCreation" name="schoolcreation" time="65.494"/>
</testsuite> <!-- testCases.Test_L1_SchoolCreation -->
